This is pdfTeX, Version 3.1415926-2.5-1.40.14 (MiKTeX 2.9) (preloaded format=pdftex 2015.1.26)  19 MAY 2017 12:28
entering extended mode
**C:/Users/agutierrez/Dropbox/TESIS/9_backmatter/references.bib
(C:/Users/agutierrez/Dropbox/TESIS/9_backmatter/references.bib
! Missing $ inserted.
<inserted text> 
                $
<to be read again> 
                   _
l.116   subject_
                categories = "Operations Research \& Management Science: 21/53;

? 
! Emergency stop.
<inserted text> 
                $
<to be read again> 
                   _
l.116   subject_
                categories = "Operations Research \& Management Science: 21/53;
End of file on the terminal!

!  ==> Fatal error occurred, no output PDF file produced!
